<?xml version="1.0" encoding="UTF-8"?>
<!-- Generated by org.testng.reporters.JUnitXMLReporter -->
<testsuite ignored="0" hostname="DESKTOP-RV1N74I" failures="0" tests="1" name="Test" time="0.048" errors="0" timestamp="2022-01-27T17:57:04 IST">
  <testcase classname="GenericLib.BaseClass" name="@BeforeTest setup" time="-1.643286424453E9">
    <failure type="org.testng.TestNGException" message="
Parameter &amp;apos;browser&amp;apos; is required by BeforeTest on method setup but has not been marked @Optional or defined
in C:\Users\PC\git\repository\AutomationPractice\testng.xml">
      <![CDATA[org.testng.TestNGException: 
Parameter 'browser' is required by BeforeTest on method setup but has not been marked @Optional or defined
in C:\Users\PC\git\repository\AutomationPractice\testng.xml
... Removed 21 stack frames]]>
    </failure>
  </testcase> <!-- @BeforeTest setup -->
  <testcase classname="GenericLib.BaseClass" name="@BeforeMethod openApp" time="-1.643286424484E9">
    <skipped/>
  </testcase> <!-- @BeforeMethod openApp -->
  <testcase classname="GenericLib.BaseClass" name="@AfterMethod closeApp" time="-1.643286424491E9">
    <skipped/>
  </testcase> <!-- @AfterMethod closeApp -->
  <testcase classname="scripts.TestCase0" name="tc0" time="0.0">
    <skipped/>
  </testcase> <!-- tc0 -->
</testsuite> <!-- Test -->
